<?xml version="1.0" encoding="UTF-8"?>
<!-- Generated by org.testng.reporters.JUnitReportReporter -->
<testsuite hostname="atul-PC" name="MavenPackage.FirstMavenclass" tests="1" failures="0" timestamp="4 Apr 2019 11:45:14 GMT" time="0.012" errors="0">
  <testcase name="method" time="0.012" classname="MavenPackage.FirstMavenclass"/>
</testsuite> <!-- MavenPackage.FirstMavenclass -->
