<?xml version="1.0" encoding="UTF-8"?>
<!-- Generated by org.testng.reporters.JUnitReportReporter -->
<testsuite hostname="atul-PC" name="MavenPackage.FirstMavenclass_Test" tests="1" failures="0" timestamp="4 Apr 2019 12:14:25 GMT" time="0.010" errors="0">
  <testcase name="method" time="0.010" classname="MavenPackage.FirstMavenclass_Test"/>
</testsuite> <!-- MavenPackage.FirstMavenclass_Test -->
